# JRE version: Java(TM) SE Runtime Environment (8.0_261-b12) (build 1.8.0_261-b12)
# Java VM: Java HotSpot(TM) Client VM (25.261-b12 mixed mode windows-x86 )
Heap:
 def new generation   total 5760K, used 3788K [0x04200000, 0x04830000, 0x09750000)
  eden space 5184K,  71% used [0x04200000, 0x04598678, 0x04710000)
  from space 576K,  18% used [0x04710000, 0x0472ab68, 0x047a0000)
  to   space 576K,   0% used [0x047a0000, 0x047a0000, 0x04830000)
 tenured generation   total 12640K, used 7746K [0x09750000, 0x0a3a8000, 0x14200000)
   the space 12640K,  61% used [0x09750000, 0x09ee0b90, 0x09ee0c00, 0x0a3a8000)
 Metaspace       used 12674K, capacity 12831K, committed 12928K, reserved 13696K
GC Heap History (10 events):
Event: 126.273 GC heap before
{Heap before GC invocations=15 (full 0):
 def new generation   total 4928K, used 4913K [0x04200000, 0x04750000, 0x09750000)
  eden space 4416K,  99% used [0x04200000, 0x0464c580, 0x04650000)
  from space 512K,  99% used [0x046d0000, 0x0474fff8, 0x04750000)
  to   space 512K,   0% used [0x04650000, 0x04650000, 0x046d0000)
 tenured generation   total 10944K, used 6638K [0x09750000, 0x0a200000, 0x14200000)
   the space 10944K,  60% used [0x09750000, 0x09dcb9c8, 0x09dcba00, 0x0a200000)
 Metaspace       used 11715K, capacity 11896K, committed 12032K, reserved 12672K
Event: 126.277 GC heap after
Heap after GC invocations=16 (full 0):
 def new generation   total 4928K, used 512K [0x04200000, 0x04750000, 0x09750000)
  eden space 4416K,   0% used [0x04200000, 0x04200000, 0x04650000)
  from space 512K, 100% used [0x04650000, 0x046d0000, 0x046d0000)
  to   space 512K,   0% used [0x046d0000, 0x046d0000, 0x04750000)
 tenured generation   total 10944K, used 7315K [0x09750000, 0x0a200000, 0x14200000)
   the space 10944K,  66% used [0x09750000, 0x09e74f80, 0x09e75000, 0x0a200000)
 Metaspace       used 11715K, capacity 11896K, committed 12032K, reserved 12672K
}
Event: 126.366 GC heap before
{Heap before GC invocations=16 (full 0):
 def new generation   total 4928K, used 4927K [0x04200000, 0x04750000, 0x09750000)
  eden space 4416K,  99% used [0x04200000, 0x0464fff0, 0x04650000)
  from space 512K, 100% used [0x04650000, 0x046d0000, 0x046d0000)
  to   space 512K,   0% used [0x046d0000, 0x046d0000, 0x04750000)
 tenured generation   total 10944K, used 7315K [0x09750000, 0x0a200000, 0x14200000)
   the space 10944K,  66% used [0x09750000, 0x09e74f80, 0x09e75000, 0x0a200000)
 Metaspace       used 11968K, capacity 12122K, committed 12288K, reserved 12672K
Event: 126.369 GC heap after
Heap after GC invocations=17 (full 0):
 def new generation   total 4928K, used 512K [0x04200000, 0x04750000, 0x09750000)
  eden space 4416K,   0% used [0x04200000, 0x04200000, 0x04650000)
  from space 512K, 100% used [0x046d0000, 0x04750000, 0x04750000)
  to   space 512K,   0% used [0x04650000, 0x04650000, 0x046d0000)
 tenured generation   total 10944K, used 7885K [0x09750000, 0x0a200000, 0x14200000)
   the space 10944K,  72% used [0x09750000, 0x09f03408, 0x09f03600, 0x0a200000)
 Metaspace       used 11968K, capacity 12122K, committed 12288K, reserved 12672K
}
Event: 126.442 GC heap before
{Heap before GC invocations=17 (full 0):
 def new generation   total 4928K, used 4579K [0x04200000, 0x04750000, 0x09750000)
  eden space 4416K,  92% used [0x04200000, 0x045f8f68, 0x04650000)
  from space 512K, 100% used [0x046d0000, 0x04750000, 0x04750000)
  to   space 512K,   0% used [0x04650000, 0x04650000, 0x046d0000)
 tenured generation   total 10944K, used 7885K [0x09750000, 0x0a200000, 0x14200000)
   the space 10944K,  72% used [0x09750000, 0x09f03408, 0x09f03600, 0x0a200000)
 Metaspace       used 12048K, capacity 12218K, committed 12288K, reserved 12672K
Event: 126.461 GC heap after
Heap after GC invocations=18 (full 1):
 def new generation   total 5760K, used 0K [0x04200000, 0x04830000, 0x09750000)
  eden space 5184K,   0% used [0x04200000, 0x04200000, 0x04710000)
  from space 576K,   0% used [0x04710000, 0x04710000, 0x047a0000)
  to   space 576K,   0% used [0x047a0000, 0x047a0000, 0x04830000)
 tenured generation   total 12640K, used 7581K [0x09750000, 0x0a3a8000, 0x14200000)
   the space 12640K,  59% used [0x09750000, 0x09eb77a8, 0x09eb7800, 0x0a3a8000)
 Metaspace       used 12040K, capacity 12201K, committed 12288K, reserved 12672K
}
Event: 126.591 GC heap before
{Heap before GC invocations=18 (full 1):
 def new generation   total 5760K, used 5184K [0x04200000, 0x04830000, 0x09750000)
  eden space 5184K, 100% used [0x04200000, 0x04710000, 0x04710000)
  from space 576K,   0% used [0x04710000, 0x04710000, 0x047a0000)
  to   space 576K,   0% used [0x047a0000, 0x047a0000, 0x04830000)
 tenured generation   total 12640K, used 7581K [0x09750000, 0x0a3a8000, 0x14200000)
   the space 12640K,  59% used [0x09750000, 0x09eb77a8, 0x09eb7800, 0x0a3a8000)
 Metaspace       used 12238K, capacity 12425K, committed 12544K, reserved 12672K
Event: 126.593 GC heap after
Heap after GC invocations=19 (full 1):
 def new generation   total 5760K, used 376K [0x04200000, 0x04830000, 0x09750000)
  eden space 5184K,   0% used [0x04200000, 0x04200000, 0x04710000)
  from space 576K,  65% used [0x047a0000, 0x047fe170, 0x04830000)
  to   space 576K,   0% used [0x04710000, 0x04710000, 0x047a0000)
 tenured generation   total 12640K, used 7581K [0x09750000, 0x0a3a8000, 0x14200000)
   the space 12640K,  59% used [0x09750000, 0x09eb77a8, 0x09eb7800, 0x0a3a8000)
 Metaspace       used 12238K, capacity 12425K, committed 12544K, reserved 12672K
}
Event: 126.637 GC heap before
{Heap before GC invocations=19 (full 1):
 def new generation   total 5760K, used 5560K [0x04200000, 0x04830000, 0x09750000)
  eden space 5184K, 100% used [0x04200000, 0x04710000, 0x04710000)
  from space 576K,  65% used [0x047a0000, 0x047fe170, 0x04830000)
  to   space 576K,   0% used [0x04710000, 0x04710000, 0x047a0000)
 tenured generation   total 12640K, used 7581K [0x09750000, 0x0a3a8000, 0x14200000)
   the space 12640K,  59% used [0x09750000, 0x09eb77a8, 0x09eb7800, 0x0a3a8000)
 Metaspace       used 12281K, capacity 12457K, committed 12544K, reserved 12672K
Event: 126.639 GC heap after
Heap after GC invocations=20 (full 1):
 def new generation   total 5760K, used 106K [0x04200000, 0x04830000, 0x09750000)
  eden space 5184K,   0% used [0x04200000, 0x04200000, 0x04710000)
  from space 576K,  18% used [0x04710000, 0x0472ab68, 0x047a0000)
  to   space 576K,   0% used [0x047a0000, 0x047a0000, 0x04830000)
 tenured generation   total 12640K, used 7746K [0x09750000, 0x0a3a8000, 0x14200000)
   the space 12640K,  61% used [0x09750000, 0x09ee0b90, 0x09ee0c00, 0x0a3a8000)
 Metaspace       used 12281K, capacity 12457K, committed 12544K, reserved 12672K
}

